<?xml version="1.0" encoding="UTF-8"?>
<!-- Generated by org.testng.reporters.JUnitReportReporter -->
<testsuite hostname="QT-INBG-LT0388" failures="0" tests="3" name="com.Runner.Runner" time="36.559" errors="0" timestamp="2023-03-03T10:33:15 IST" skipped="0">
  <testcase classname="com.Runner.Runner" name="runScenario" time="17.328"/>
  <system-out/>
  <testcase classname="com.Runner.Runner" name="runScenario" time="18.964"/>
  <system-out/>
  <testcase classname="com.Runner.Runner" name="runScenario" time="0.267"/>
  <system-out/>
</testsuite> <!-- com.Runner.Runner -->
